<?xml version="1.0" encoding="UTF-8"?>
<!-- Generated by org.testng.reporters.JUnitXMLReporter -->
<testsuite hostname="DESKTOP-7G9PI54" ignored="3" name="Home Page" tests="5" failures="1" timestamp="05 Jul 2020 09:18:02 GMT" time="145.905" errors="0">
  <testcase name="login" time="26.782" classname="com.edureka.test.Home"/>
  <testcase name="loginOverloadedMethod" time="20.824" classname="com.edureka.test.Home"/>
  <testcase name="validateTile" time="39.606" classname="com.edureka.test.TrendingCourses"/>
  <testcase name="validateTile" time="29.769" classname="com.edureka.test.CareerRelated"/>
  <testcase name="coursePage" time="19.268" classname="com.edureka.test.Course">
    <failure type="java.lang.IndexOutOfBoundsException" message="Index: 0, Size: 0">
      <![CDATA[java.lang.IndexOutOfBoundsException: Index: 0, Size: 0
at java.util.ArrayList.rangeCheck(Unknown Source)
at java.util.ArrayList.get(Unknown Source)
at org.openqa.selenium.support.pagefactory.internal.LocatingElementListHandler.invoke(LocatingElementListHandler.java:39)
at com.sun.proxy.$Proxy12.get(Unknown Source)
at com.edureka.pages.CoursePage.validateCourseLinks(CoursePage.java:44)
at com.edureka.test.Course.coursePage(Course.java:21)
... Removed 29 stack frames]]>
    </failure>
  </testcase> <!-- coursePage -->
  <testcase name="@BeforeSuite runBeforeSuite" time="0.0" classname="com.edureka.superhelper.EHC">
    <ignored/>
  </testcase> <!-- @BeforeSuite runBeforeSuite -->
  <testcase name="@BeforeSuite runBeforeSuite" time="0.0" classname="com.edureka.superhelper.EHC">
    <ignored/>
  </testcase> <!-- @BeforeSuite runBeforeSuite -->
  <testcase name="@BeforeSuite runBeforeSuite" time="0.0" classname="com.edureka.superhelper.EHC">
    <ignored/>
  </testcase> <!-- @BeforeSuite runBeforeSuite -->
</testsuite> <!-- Home Page -->
