<?xml version="1.0" encoding="UTF-8"?>
<!-- Generated by org.testng.reporters.JUnitXMLReporter -->
<testsuite hostname="DESKTOP-7G9PI54" ignored="2" name="Test" tests="1" failures="0" timestamp="04 Jul 2020 20:49:12 GMT" time="20.729" errors="0">
  <testcase name="validateTile" time="20.475" classname="com.edureka.test.TrendingCourses"/>
  <testcase name="coursePage" time="0.0" classname="com.edureka.test.TrendingCourses">
    <ignored/>
  </testcase> <!-- coursePage -->
  <testcase name="login" time="0.0" classname="com.edureka.test.TrendingCourses">
    <ignored/>
  </testcase> <!-- login -->
</testsuite> <!-- Test -->
