<?xml version="1.0" encoding="UTF-8"?>
<!-- Generated by org.testng.reporters.JUnitXMLReporter -->
<testsuite hostname="DESKTOP-7G9PI54" ignored="0" name="Test" tests="3" failures="0" timestamp="04 Jul 2020 17:23:51 GMT" time="13.55" errors="0">
  <testcase name="@AfterMethod tearDown" time="0.758" classname="com.edureka.superhelper.EHC">
    <failure type="java.lang.NullPointerException">
      <![CDATA[java.lang.NullPointerException
at java.io.File.<init>(Unknown Source)
at com.edureka.superhelper.ScreenShot.takeScreenshot(ScreenShot.java:16)
at com.edureka.superhelper.EHC.tearDown(EHC.java:77)
... Removed 28 stack frames]]>
    </failure>
  </testcase> <!-- @AfterMethod tearDown -->
  <testcase name="@BeforeMethod setUp" time="0.0" classname="com.edureka.superhelper.EHC">
    <skipped/>
  </testcase> <!-- @BeforeMethod setUp -->
  <testcase name="@AfterMethod tearDown" time="0.0" classname="com.edureka.superhelper.EHC">
    <skipped/>
  </testcase> <!-- @AfterMethod tearDown -->
  <testcase name="@BeforeMethod setUp" time="0.0" classname="com.edureka.superhelper.EHC">
    <skipped/>
  </testcase> <!-- @BeforeMethod setUp -->
  <testcase name="@AfterMethod tearDown" time="0.0" classname="com.edureka.superhelper.EHC">
    <skipped/>
  </testcase> <!-- @AfterMethod tearDown -->
  <testcase name="login" time="12.411" classname="com.edureka.test.TrendingCourses"/>
  <testcase name="validateTile" time="0.0" classname="com.edureka.test.TrendingCourses">
    <skipped/>
  </testcase> <!-- validateTile -->
  <testcase name="coursePage" time="0.0" classname="com.edureka.test.TrendingCourses">
    <skipped/>
  </testcase> <!-- coursePage -->
</testsuite> <!-- Test -->
